### 01.03.2020 16:26:24
Array
(
    [name] => Гость
)



### 01.03.2020 16:26:34
Array
(
    [images] => Array
        (
            [0] => 01.jpg
            [1] => 02.jpg
            [2] => 03.jpg
            [3] => 04.jpg
            [4] => 05.jpg
            [5] => 06.jpg
            [6] => 07.jpg
            [7] => 08.jpg
            [8] => 09.jpg
            [9] => 10.jpg
        )

)



### 01.03.2020 16:26:47
Array
(
    [images] => Array
        (
            [0] => 01.jpg
            [1] => 02.jpg
            [2] => 03.jpg
            [3] => 04.jpg
            [4] => 05.jpg
            [5] => 06.jpg
            [6] => 07.jpg
            [7] => 08.jpg
            [8] => 09.jpg
            [9] => 10.jpg
            [10] => DSCF0106.JPG
            [11] => DSCF0107.JPG
            [12] => DSCF0109.JPG
            [13] => DSCF0110.JPG
        )

)



### 01.03.2020 16:45:05
Array
(
    [images] => Array
        (
            [0] => 01.jpg
            [1] => 02.jpg
            [2] => 03.jpg
            [3] => 04.jpg
            [4] => 05.jpg
            [5] => 06.jpg
            [6] => 07.jpg
            [7] => 08.jpg
            [8] => 09.jpg
            [9] => 10.jpg
            [10] => DSCF0106.JPG
            [11] => DSCF0107.JPG
            [12] => DSCF0109.JPG
            [13] => DSCF0110.JPG
        )

)



### 01.03.2020 16:45:22
Array
(
    [name] => Гость
)



### 01.03.2020 16:45:24
Array
(
    [images] => Array
        (
            [0] => 01.jpg
            [1] => 02.jpg
            [2] => 03.jpg
            [3] => 04.jpg
            [4] => 05.jpg
            [5] => 06.jpg
            [6] => 07.jpg
            [7] => 08.jpg
            [8] => 09.jpg
            [9] => 10.jpg
            [10] => DSCF0106.JPG
            [11] => DSCF0107.JPG
            [12] => DSCF0109.JPG
            [13] => DSCF0110.JPG
        )

)



### 01.03.2020 16:45:37
Array
(
    [name] => Гость
)



### 01.03.2020 16:45:39
Array
(
    [images] => Array
        (
            [0] => 01.jpg
            [1] => 02.jpg
            [2] => 03.jpg
            [3] => 04.jpg
            [4] => 05.jpg
            [5] => 06.jpg
            [6] => 07.jpg
            [7] => 08.jpg
            [8] => 09.jpg
            [9] => 10.jpg
        )

)



### 01.03.2020 16:45:54
Array
(
    [name] => Гость
)



### 01.03.2020 17:21:56
Array
(
    [name] => Гость
)



### 01.03.2020 17:21:58
Array
(
    [images] => Array
        (
            [0] => 01.jpg
            [1] => 02.jpg
            [2] => 03.jpg
            [3] => 04.jpg
            [4] => 05.jpg
            [5] => 06.jpg
            [6] => 07.jpg
            [7] => 08.jpg
            [8] => 09.jpg
            [9] => 10.jpg
        )

)



### 01.03.2020 17:23:15
Array
(
    [images] => Array
        (
            [0] => 01.jpg
            [1] => 02.jpg
            [2] => 03.jpg
            [3] => 04.jpg
            [4] => 05.jpg
            [5] => 06.jpg
            [6] => 07.jpg
            [7] => 08.jpg
            [8] => 09.jpg
            [9] => 10.jpg
        )

)



### 01.03.2020 17:23:47
Array
(
    [images] => Array
        (
            [0] => 01.jpg
            [1] => 02.jpg
            [2] => 03.jpg
            [3] => 04.jpg
            [4] => 05.jpg
            [5] => 06.jpg
            [6] => 07.jpg
            [7] => 08.jpg
            [8] => 09.jpg
            [9] => 10.jpg
        )

)



### 01.03.2020 17:24:00
Array
(
    [images] => Array
        (
            [0] => 01.jpg
            [1] => 02.jpg
            [2] => 03.jpg
            [3] => 04.jpg
            [4] => 05.jpg
            [5] => 06.jpg
            [6] => 07.jpg
            [7] => 08.jpg
            [8] => 09.jpg
            [9] => 10.jpg
        )

)



### 01.03.2020 17:24:08
Array
(
    [images] => Array
        (
            [0] => 01.jpg
            [1] => 02.jpg
            [2] => 03.jpg
            [3] => 04.jpg
            [4] => 05.jpg
            [5] => 06.jpg
            [6] => 07.jpg
            [7] => 08.jpg
            [8] => 09.jpg
            [9] => 10.jpg
            [10] => DSCF0107.JPG
        )

)



### 01.03.2020 17:24:13
Array
(
    [images] => Array
        (
            [0] => 01.jpg
            [1] => 02.jpg
            [2] => 03.jpg
            [3] => 04.jpg
            [4] => 05.jpg
            [5] => 06.jpg
            [6] => 07.jpg
            [7] => 08.jpg
            [8] => 09.jpg
            [9] => 10.jpg
            [10] => DSCF0106.JPG
            [11] => DSCF0107.JPG
            [12] => DSCF0117.JPG
        )

)



### 01.03.2020 17:27:10
Array
(
    [name] => Гость
)



### 01.03.2020 17:27:12
Array
(
    [images] => Array
        (
            [0] => 01.jpg
            [1] => 02.jpg
            [2] => 03.jpg
            [3] => 04.jpg
            [4] => 05.jpg
            [5] => 06.jpg
            [6] => 07.jpg
            [7] => 08.jpg
            [8] => 09.jpg
            [9] => 10.jpg
        )

)



### 01.03.2020 17:27:20
Array
(
    [images] => Array
        (
            [0] => 01.jpg
            [1] => 02.jpg
            [2] => 03.jpg
            [3] => 04.jpg
            [4] => 05.jpg
            [5] => 06.jpg
            [6] => 07.jpg
            [7] => 08.jpg
            [8] => 09.jpg
            [9] => 10.jpg
            [10] => DSCF0109.JPG
            [11] => DSCF0110.JPG
        )

)



### 03.03.2020 17:11:48
Array
(
    [name] => Гость
)



### 03.03.2020 17:11:50
Array
(
    [images] => Array
        (
            [0] => 01.jpg
            [1] => 02.jpg
            [2] => 03.jpg
            [3] => 04.jpg
            [4] => 05.jpg
            [5] => 06.jpg
            [6] => 07.jpg
            [7] => 08.jpg
            [8] => 09.jpg
            [9] => 10.jpg
        )

)



### 03.03.2020 17:11:58
Array
(
    [images] => Array
        (
            [0] => 01.jpg
            [1] => 02.jpg
            [2] => 03.jpg
            [3] => 04.jpg
            [4] => 05.jpg
            [5] => 06.jpg
            [6] => 07.jpg
            [7] => 08.jpg
            [8] => 09.jpg
            [9] => 10.jpg
            [10] => DSCF0107.JPG
        )

)



### 03.03.2020 17:20:21
Array
(
    [images] => Array
        (
            [0] => 01.jpg
            [1] => 02.jpg
            [2] => 03.jpg
            [3] => 04.jpg
            [4] => 05.jpg
            [5] => 06.jpg
            [6] => 07.jpg
            [7] => 08.jpg
            [8] => 09.jpg
            [9] => 10.jpg
            [10] => DSCF0107.JPG
        )

)



### 03.03.2020 17:20:22
Array
(
    [name] => Гость
)



### 03.03.2020 17:20:23
Array
(
    [images] => Array
        (
            [0] => 01.jpg
            [1] => 02.jpg
            [2] => 03.jpg
            [3] => 04.jpg
            [4] => 05.jpg
            [5] => 06.jpg
            [6] => 07.jpg
            [7] => 08.jpg
            [8] => 09.jpg
            [9] => 10.jpg
            [10] => DSCF0107.JPG
        )

)



### 03.03.2020 17:20:36
Array
(
    [images] => Array
        (
            [0] => 01.jpg
            [1] => 02.jpg
            [2] => 03.jpg
            [3] => 04.jpg
            [4] => 05.jpg
            [5] => 06.jpg
            [6] => 07.jpg
            [7] => 08.jpg
            [8] => 09.jpg
            [9] => 10.jpg
            [10] => DSCF0107.JPG
            [11] => DSCF0389.JPG
        )

)



### 03.03.2020 17:32:34
Array
(
    [images] => Array
        (
            [0] => 01.jpg
            [1] => 02.jpg
            [2] => 03.jpg
            [3] => 04.jpg
            [4] => 05.jpg
            [5] => 06.jpg
            [6] => 07.jpg
            [7] => 08.jpg
            [8] => 09.jpg
            [9] => 10.jpg
            [10] => DSCF0107.JPG
            [11] => DSCF0389.JPG
        )

)



### 03.03.2020 17:32:42
Array
(
    [images] => Array
        (
            [0] => 01.jpg
            [1] => 02.jpg
            [2] => 03.jpg
            [3] => 04.jpg
            [4] => 05.jpg
            [5] => 06.jpg
            [6] => 07.jpg
            [7] => 08.jpg
            [8] => 09.jpg
            [9] => 10.jpg
            [10] => DSCF0107.JPG
            [11] => DSCF0389.JPG
        )

)



### 03.03.2020 17:39:00
Array
(
    [images] => Array
        (
            [0] => 01.jpg
            [1] => 02.jpg
            [2] => 03.jpg
            [3] => 04.jpg
            [4] => 05.jpg
            [5] => 06.jpg
            [6] => 07.jpg
            [7] => 08.jpg
            [8] => 09.jpg
            [9] => 10.jpg
            [10] => DSCF0107.JPG
            [11] => DSCF0389.JPG
        )

)



### 03.03.2020 17:39:06
Array
(
    [images] => Array
        (
            [0] => 01.jpg
            [1] => 02.jpg
            [2] => 03.jpg
            [3] => 04.jpg
            [4] => 05.jpg
            [5] => 06.jpg
            [6] => 07.jpg
            [7] => 08.jpg
            [8] => 09.jpg
            [9] => 10.jpg
            [10] => DSCF0107.JPG
            [11] => DSCF0389.JPG
        )

)



### 03.03.2020 17:39:53
Array
(
    [images] => Array
        (
            [0] => 01.jpg
            [1] => 02.jpg
            [2] => 03.jpg
            [3] => 04.jpg
            [4] => 05.jpg
            [5] => 06.jpg
            [6] => 07.jpg
            [7] => 08.jpg
            [8] => 09.jpg
            [9] => 10.jpg
            [10] => DSCF0107.JPG
            [11] => DSCF0389.JPG
        )

)



### 03.03.2020 17:39:57
Array
(
    [images] => Array
        (
            [0] => 01.jpg
            [1] => 02.jpg
            [2] => 03.jpg
            [3] => 04.jpg
            [4] => 05.jpg
            [5] => 06.jpg
            [6] => 07.jpg
            [7] => 08.jpg
            [8] => 09.jpg
            [9] => 10.jpg
            [10] => DSCF0107.JPG
            [11] => DSCF0389.JPG
        )

)



### 03.03.2020 17:40:10
Array
(
    [images] => Array
        (
            [0] => 01.jpg
            [1] => 02.jpg
            [2] => 03.jpg
            [3] => 04.jpg
            [4] => 05.jpg
            [5] => 06.jpg
            [6] => 07.jpg
            [7] => 08.jpg
            [8] => 09.jpg
            [9] => 10.jpg
            [10] => DSCF0107.JPG
            [11] => DSCF0389.JPG
        )

)



### 03.03.2020 17:40:33
Array
(
    [images] => Array
        (
            [0] => 01.jpg
            [1] => 02.jpg
            [2] => 03.jpg
            [3] => 04.jpg
            [4] => 05.jpg
            [5] => 06.jpg
            [6] => 07.jpg
            [7] => 08.jpg
            [8] => 09.jpg
            [9] => 10.jpg
            [10] => DSCF0107.JPG
            [11] => DSCF0389.JPG
        )

)



### 03.03.2020 17:41:47
Array
(
    [images] => Array
        (
            [0] => 01.jpg
            [1] => 02.jpg
            [2] => 03.jpg
            [3] => 04.jpg
            [4] => 05.jpg
            [5] => 06.jpg
            [6] => 07.jpg
            [7] => 08.jpg
            [8] => 09.jpg
            [9] => 10.jpg
            [10] => DSCF0107.JPG
            [11] => DSCF0389.JPG
        )

)



### 03.03.2020 17:41:49
Array
(
    [images] => Array
        (
            [0] => 01.jpg
            [1] => 02.jpg
            [2] => 03.jpg
            [3] => 04.jpg
            [4] => 05.jpg
            [5] => 06.jpg
            [6] => 07.jpg
            [7] => 08.jpg
            [8] => 09.jpg
            [9] => 10.jpg
            [10] => DSCF0107.JPG
            [11] => DSCF0389.JPG
        )

)



### 03.03.2020 17:41:51
Array
(
    [images] => Array
        (
            [0] => 01.jpg
            [1] => 02.jpg
            [2] => 03.jpg
            [3] => 04.jpg
            [4] => 05.jpg
            [5] => 06.jpg
            [6] => 07.jpg
            [7] => 08.jpg
            [8] => 09.jpg
            [9] => 10.jpg
            [10] => DSCF0107.JPG
            [11] => DSCF0389.JPG
        )

)



### 03.03.2020 17:41:53
Array
(
    [images] => Array
        (
            [0] => 01.jpg
            [1] => 02.jpg
            [2] => 03.jpg
            [3] => 04.jpg
            [4] => 05.jpg
            [5] => 06.jpg
            [6] => 07.jpg
            [7] => 08.jpg
            [8] => 09.jpg
            [9] => 10.jpg
            [10] => DSCF0107.JPG
            [11] => DSCF0389.JPG
        )

)



### 03.03.2020 17:46:11
Array
(
    [images] => Array
        (
            [0] => 01.jpg
            [1] => 02.jpg
            [2] => 03.jpg
            [3] => 04.jpg
            [4] => 05.jpg
            [5] => 06.jpg
            [6] => 07.jpg
            [7] => 08.jpg
            [8] => 09.jpg
            [9] => 10.jpg
            [10] => DSCF0107.JPG
            [11] => DSCF0389.JPG
        )

)



### 03.03.2020 17:46:22
Array
(
    [images] => Array
        (
            [0] => 01.jpg
            [1] => 02.jpg
            [2] => 03.jpg
            [3] => 04.jpg
            [4] => 05.jpg
            [5] => 06.jpg
            [6] => 07.jpg
            [7] => 08.jpg
            [8] => 09.jpg
            [9] => 10.jpg
            [10] => DSCF0107.JPG
            [11] => DSCF0389.JPG
        )

)



### 03.03.2020 17:47:09
Array
(
    [images] => Array
        (
            [0] => 01.jpg
            [1] => 02.jpg
            [2] => 03.jpg
            [3] => 04.jpg
            [4] => 05.jpg
            [5] => 06.jpg
            [6] => 07.jpg
            [7] => 08.jpg
            [8] => 09.jpg
            [9] => 10.jpg
            [10] => DSCF0107.JPG
            [11] => DSCF0389.JPG
        )

)



### 03.03.2020 17:49:22
Array
(
    [images] => Array
        (
            [0] => 01.jpg
            [1] => 02.jpg
            [2] => 03.jpg
            [3] => 04.jpg
            [4] => 05.jpg
            [5] => 06.jpg
            [6] => 07.jpg
            [7] => 08.jpg
            [8] => 09.jpg
            [9] => 10.jpg
            [10] => DSCF0107.JPG
            [11] => DSCF0389.JPG
        )

    [error] => 1
)



### 03.03.2020 17:51:44
Array
(
    [images] => Array
        (
            [0] => 01.jpg
            [1] => 02.jpg
            [2] => 03.jpg
            [3] => 04.jpg
            [4] => 05.jpg
            [5] => 06.jpg
            [6] => 07.jpg
            [7] => 08.jpg
            [8] => 09.jpg
            [9] => 10.jpg
            [10] => DSCF0107.JPG
            [11] => DSCF0389.JPG
        )

    [error] => Ошибка тип
)



### 03.03.2020 17:51:50
Array
(
    [images] => Array
        (
            [0] => 01.jpg
            [1] => 02.jpg
            [2] => 03.jpg
            [3] => 04.jpg
            [4] => 05.jpg
            [5] => 06.jpg
            [6] => 07.jpg
            [7] => 08.jpg
            [8] => 09.jpg
            [9] => 10.jpg
            [10] => DSCF0107.JPG
            [11] => DSCF0389.JPG
        )

    [error] => Ошибка тип
)



### 03.03.2020 17:51:55
Array
(
    [images] => Array
        (
            [0] => 01.jpg
            [1] => 02.jpg
            [2] => 03.jpg
            [3] => 04.jpg
            [4] => 05.jpg
            [5] => 06.jpg
            [6] => 07.jpg
            [7] => 08.jpg
            [8] => 09.jpg
            [9] => 10.jpg
            [10] => DSCF0107.JPG
            [11] => DSCF0389.JPG
        )

    [error] => Ошибка тип
)



### 03.03.2020 17:52:03
Array
(
    [name] => Гость
)



### 03.03.2020 17:52:04
Array
(
    [images] => Array
        (
            [0] => 01.jpg
            [1] => 02.jpg
            [2] => 03.jpg
            [3] => 04.jpg
            [4] => 05.jpg
            [5] => 06.jpg
            [6] => 07.jpg
            [7] => 08.jpg
            [8] => 09.jpg
            [9] => 10.jpg
            [10] => DSCF0107.JPG
            [11] => DSCF0389.JPG
        )

    [error] => 
)



### 03.03.2020 17:52:07
Array
(
    [images] => Array
        (
            [0] => 01.jpg
            [1] => 02.jpg
            [2] => 03.jpg
            [3] => 04.jpg
            [4] => 05.jpg
            [5] => 06.jpg
            [6] => 07.jpg
            [7] => 08.jpg
            [8] => 09.jpg
            [9] => 10.jpg
            [10] => DSCF0107.JPG
            [11] => DSCF0389.JPG
        )

    [error] => Ошибка тип
)



### 03.03.2020 17:52:21
Array
(
    [images] => Array
        (
            [0] => 01.jpg
            [1] => 02.jpg
            [2] => 03.jpg
            [3] => 04.jpg
            [4] => 05.jpg
            [5] => 06.jpg
            [6] => 07.jpg
            [7] => 08.jpg
            [8] => 09.jpg
            [9] => 10.jpg
            [10] => DSCF0064.JPG
            [11] => DSCF0107.JPG
            [12] => DSCF0389.JPG
        )

    [error] => 
)



### 03.03.2020 17:52:24
Array
(
    [images] => Array
        (
            [0] => 01.jpg
            [1] => 02.jpg
            [2] => 03.jpg
            [3] => 04.jpg
            [4] => 05.jpg
            [5] => 06.jpg
            [6] => 07.jpg
            [7] => 08.jpg
            [8] => 09.jpg
            [9] => 10.jpg
            [10] => DSCF0064.JPG
            [11] => DSCF0107.JPG
            [12] => DSCF0389.JPG
        )

    [error] => 
)



### 03.03.2020 17:52:27
Array
(
    [images] => Array
        (
            [0] => 01.jpg
            [1] => 02.jpg
            [2] => 03.jpg
            [3] => 04.jpg
            [4] => 05.jpg
            [5] => 06.jpg
            [6] => 07.jpg
            [7] => 08.jpg
            [8] => 09.jpg
            [9] => 10.jpg
            [10] => DSCF0064.JPG
            [11] => DSCF0107.JPG
            [12] => DSCF0389.JPG
        )

    [error] => 
)



### 03.03.2020 17:54:04
Array
(
    [images] => Array
        (
            [0] => 01.jpg
            [1] => 02.jpg
            [2] => 03.jpg
            [3] => 04.jpg
            [4] => 05.jpg
            [5] => 06.jpg
            [6] => 07.jpg
            [7] => 08.jpg
            [8] => 09.jpg
            [9] => 10.jpg
            [10] => DSCF0064.JPG
            [11] => DSCF0107.JPG
            [12] => DSCF0389.JPG
        )

    [error] => 
)



### 03.03.2020 17:54:06
Array
(
    [images] => Array
        (
            [0] => 01.jpg
            [1] => 02.jpg
            [2] => 03.jpg
            [3] => 04.jpg
            [4] => 05.jpg
            [5] => 06.jpg
            [6] => 07.jpg
            [7] => 08.jpg
            [8] => 09.jpg
            [9] => 10.jpg
            [10] => DSCF0064.JPG
            [11] => DSCF0107.JPG
            [12] => DSCF0389.JPG
        )

    [error] => Ошибка тип
)



### 03.03.2020 17:54:08
Array
(
    [images] => Array
        (
            [0] => 01.jpg
            [1] => 02.jpg
            [2] => 03.jpg
            [3] => 04.jpg
            [4] => 05.jpg
            [5] => 06.jpg
            [6] => 07.jpg
            [7] => 08.jpg
            [8] => 09.jpg
            [9] => 10.jpg
            [10] => DSCF0064.JPG
            [11] => DSCF0107.JPG
            [12] => DSCF0389.JPG
        )

    [error] => Ошибка тип
)



### 03.03.2020 17:54:14
Array
(
    [images] => Array
        (
            [0] => 01.jpg
            [1] => 02.jpg
            [2] => 03.jpg
            [3] => 04.jpg
            [4] => 05.jpg
            [5] => 06.jpg
            [6] => 07.jpg
            [7] => 08.jpg
            [8] => 09.jpg
            [9] => 10.jpg
            [10] => DSCF0064.JPG
            [11] => DSCF0107.JPG
            [12] => DSCF0389.JPG
        )

    [error] => Ошибка тип
)



### 03.03.2020 17:54:42
Array
(
    [images] => Array
        (
            [0] => 01.jpg
            [1] => 02.jpg
            [2] => 03.jpg
            [3] => 04.jpg
            [4] => 05.jpg
            [5] => 06.jpg
            [6] => 07.jpg
            [7] => 08.jpg
            [8] => 09.jpg
            [9] => 10.jpg
            [10] => DSCF0064.JPG
            [11] => DSCF0107.JPG
            [12] => DSCF0389.JPG
        )

    [error] => Ошибка тип
)



### 03.03.2020 17:54:43
Array
(
    [images] => Array
        (
            [0] => 01.jpg
            [1] => 02.jpg
            [2] => 03.jpg
            [3] => 04.jpg
            [4] => 05.jpg
            [5] => 06.jpg
            [6] => 07.jpg
            [7] => 08.jpg
            [8] => 09.jpg
            [9] => 10.jpg
            [10] => DSCF0064.JPG
            [11] => DSCF0107.JPG
            [12] => DSCF0389.JPG
        )

    [error] => Ошибка тип
)



### 03.03.2020 17:54:45
Array
(
    [images] => Array
        (
            [0] => 01.jpg
            [1] => 02.jpg
            [2] => 03.jpg
            [3] => 04.jpg
            [4] => 05.jpg
            [5] => 06.jpg
            [6] => 07.jpg
            [7] => 08.jpg
            [8] => 09.jpg
            [9] => 10.jpg
            [10] => DSCF0064.JPG
            [11] => DSCF0107.JPG
            [12] => DSCF0389.JPG
        )

    [error] => Ошибка тип
)



### 03.03.2020 17:54:48
Array
(
    [images] => Array
        (
            [0] => 01.jpg
            [1] => 02.jpg
            [2] => 03.jpg
            [3] => 04.jpg
            [4] => 05.jpg
            [5] => 06.jpg
            [6] => 07.jpg
            [7] => 08.jpg
            [8] => 09.jpg
            [9] => 10.jpg
            [10] => DSCF0064.JPG
            [11] => DSCF0107.JPG
            [12] => DSCF0389.JPG
        )

    [error] => Ошибка тип
)



### 03.03.2020 17:54:55
Array
(
    [name] => Гость
)



### 03.03.2020 17:54:56
Array
(
    [images] => Array
        (
            [0] => 01.jpg
            [1] => 02.jpg
            [2] => 03.jpg
            [3] => 04.jpg
            [4] => 05.jpg
            [5] => 06.jpg
            [6] => 07.jpg
            [7] => 08.jpg
            [8] => 09.jpg
            [9] => 10.jpg
            [10] => DSCF0064.JPG
            [11] => DSCF0107.JPG
            [12] => DSCF0389.JPG
        )

    [error] => 
)



### 03.03.2020 17:54:58
Array
(
    [images] => Array
        (
            [0] => 01.jpg
            [1] => 02.jpg
            [2] => 03.jpg
            [3] => 04.jpg
            [4] => 05.jpg
            [5] => 06.jpg
            [6] => 07.jpg
            [7] => 08.jpg
            [8] => 09.jpg
            [9] => 10.jpg
            [10] => DSCF0064.JPG
            [11] => DSCF0107.JPG
            [12] => DSCF0389.JPG
        )

    [error] => Ошибка тип
)



### 03.03.2020 17:56:11
Array
(
    [images] => Array
        (
            [0] => 01.jpg
            [1] => 02.jpg
            [2] => 03.jpg
            [3] => 04.jpg
            [4] => 05.jpg
            [5] => 06.jpg
            [6] => 07.jpg
            [7] => 08.jpg
            [8] => 09.jpg
            [9] => 10.jpg
            [10] => DSCF0064.JPG
            [11] => DSCF0107.JPG
            [12] => DSCF0389.JPG
        )

    [error] => Ошибка тип
)



### 03.03.2020 17:56:13
Array
(
    [images] => Array
        (
            [0] => 01.jpg
            [1] => 02.jpg
            [2] => 03.jpg
            [3] => 04.jpg
            [4] => 05.jpg
            [5] => 06.jpg
            [6] => 07.jpg
            [7] => 08.jpg
            [8] => 09.jpg
            [9] => 10.jpg
            [10] => DSCF0064.JPG
            [11] => DSCF0107.JPG
            [12] => DSCF0389.JPG
        )

    [error] => Ошибка тип
)



### 03.03.2020 17:56:44
Array
(
    [images] => Array
        (
            [0] => 01.jpg
            [1] => 02.jpg
            [2] => 03.jpg
            [3] => 04.jpg
            [4] => 05.jpg
            [5] => 06.jpg
            [6] => 07.jpg
            [7] => 08.jpg
            [8] => 09.jpg
            [9] => 10.jpg
            [10] => DSCF0064.JPG
            [11] => DSCF0107.JPG
            [12] => DSCF0389.JPG
        )

    [error] => Ошибка тип
)



### 03.03.2020 17:56:46
Array
(
    [images] => Array
        (
            [0] => 01.jpg
            [1] => 02.jpg
            [2] => 03.jpg
            [3] => 04.jpg
            [4] => 05.jpg
            [5] => 06.jpg
            [6] => 07.jpg
            [7] => 08.jpg
            [8] => 09.jpg
            [9] => 10.jpg
            [10] => DSCF0064.JPG
            [11] => DSCF0107.JPG
            [12] => DSCF0389.JPG
        )

    [error] => Ошибка тип
)



### 03.03.2020 17:56:48
Array
(
    [images] => Array
        (
            [0] => 01.jpg
            [1] => 02.jpg
            [2] => 03.jpg
            [3] => 04.jpg
            [4] => 05.jpg
            [5] => 06.jpg
            [6] => 07.jpg
            [7] => 08.jpg
            [8] => 09.jpg
            [9] => 10.jpg
            [10] => DSCF0064.JPG
            [11] => DSCF0107.JPG
            [12] => DSCF0389.JPG
        )

    [error] => Ошибка тип
)



### 03.03.2020 17:57:29
Array
(
    [images] => Array
        (
            [0] => 01.jpg
            [1] => 02.jpg
            [2] => 03.jpg
            [3] => 04.jpg
            [4] => 05.jpg
            [5] => 06.jpg
            [6] => 07.jpg
            [7] => 08.jpg
            [8] => 09.jpg
            [9] => 10.jpg
            [10] => DSCF0064.JPG
            [11] => DSCF0107.JPG
            [12] => DSCF0389.JPG
        )

    [error] => Ошибка тип
)



### 03.03.2020 17:57:31
Array
(
    [images] => Array
        (
            [0] => 01.jpg
            [1] => 02.jpg
            [2] => 03.jpg
            [3] => 04.jpg
            [4] => 05.jpg
            [5] => 06.jpg
            [6] => 07.jpg
            [7] => 08.jpg
            [8] => 09.jpg
            [9] => 10.jpg
            [10] => DSCF0064.JPG
            [11] => DSCF0107.JPG
            [12] => DSCF0389.JPG
        )

    [error] => Ошибка тип
)



### 03.03.2020 17:59:39
Array
(
    [images] => Array
        (
            [0] => 01.jpg
            [1] => 02.jpg
            [2] => 03.jpg
            [3] => 04.jpg
            [4] => 05.jpg
            [5] => 06.jpg
            [6] => 07.jpg
            [7] => 08.jpg
            [8] => 09.jpg
            [9] => 10.jpg
            [10] => DSCF0064.JPG
            [11] => DSCF0107.JPG
            [12] => DSCF0389.JPG
        )

    [error] => Ошибка тип
)



### 03.03.2020 18:00:26
Array
(
    [images] => Array
        (
            [0] => 01.jpg
            [1] => 02.jpg
            [2] => 03.jpg
            [3] => 04.jpg
            [4] => 05.jpg
            [5] => 06.jpg
            [6] => 07.jpg
            [7] => 08.jpg
            [8] => 09.jpg
            [9] => 10.jpg
            [10] => DSCF0064.JPG
            [11] => DSCF0107.JPG
            [12] => DSCF0389.JPG
        )

    [error] => Ошибка тип
)



### 03.03.2020 18:01:13
Array
(
    [images] => Array
        (
            [0] => 01.jpg
            [1] => 02.jpg
            [2] => 03.jpg
            [3] => 04.jpg
            [4] => 05.jpg
            [5] => 06.jpg
            [6] => 07.jpg
            [7] => 08.jpg
            [8] => 09.jpg
            [9] => 10.jpg
            [10] => DSCF0064.JPG
            [11] => DSCF0107.JPG
            [12] => DSCF0389.JPG
        )

    [error] => Ошибка тип
)



### 03.03.2020 18:01:40
Array
(
    [images] => Array
        (
            [0] => 01.jpg
            [1] => 02.jpg
            [2] => 03.jpg
            [3] => 04.jpg
            [4] => 05.jpg
            [5] => 06.jpg
            [6] => 07.jpg
            [7] => 08.jpg
            [8] => 09.jpg
            [9] => 10.jpg
            [10] => DSCF0064.JPG
            [11] => DSCF0107.JPG
            [12] => DSCF0389.JPG
        )

    [error] => Ошибка тип
)



### 03.03.2020 18:01:57
Array
(
    [images] => Array
        (
            [0] => 01.jpg
            [1] => 02.jpg
            [2] => 03.jpg
            [3] => 04.jpg
            [4] => 05.jpg
            [5] => 06.jpg
            [6] => 07.jpg
            [7] => 08.jpg
            [8] => 09.jpg
            [9] => 10.jpg
            [10] => DSCF0064.JPG
            [11] => DSCF0107.JPG
            [12] => DSCF0389.JPG
        )

    [error] => Ошибка тип
)



### 03.03.2020 18:02:06
Array
(
    [images] => Array
        (
            [0] => 01.jpg
            [1] => 02.jpg
            [2] => 03.jpg
            [3] => 04.jpg
            [4] => 05.jpg
            [5] => 06.jpg
            [6] => 07.jpg
            [7] => 08.jpg
            [8] => 09.jpg
            [9] => 10.jpg
            [10] => DSCF0064.JPG
            [11] => DSCF0107.JPG
            [12] => DSCF0389.JPG
        )

    [error] => Ошибка тип
)



### 03.03.2020 18:02:15
Array
(
    [images] => Array
        (
            [0] => 01.jpg
            [1] => 02.jpg
            [2] => 03.jpg
            [3] => 04.jpg
            [4] => 05.jpg
            [5] => 06.jpg
            [6] => 07.jpg
            [7] => 08.jpg
            [8] => 09.jpg
            [9] => 10.jpg
            [10] => DSCF0064.JPG
            [11] => DSCF0107.JPG
            [12] => DSCF0389.JPG
        )

    [error] => Ошибка тип
)



### 03.03.2020 18:02:37
Array
(
    [images] => Array
        (
            [0] => 01.jpg
            [1] => 02.jpg
            [2] => 03.jpg
            [3] => 04.jpg
            [4] => 05.jpg
            [5] => 06.jpg
            [6] => 07.jpg
            [7] => 08.jpg
            [8] => 09.jpg
            [9] => 10.jpg
            [10] => DSCF0064.JPG
            [11] => DSCF0107.JPG
            [12] => DSCF0389.JPG
        )

    [error] => Ошибка тип
)



### 03.03.2020 18:03:08
Array
(
    [images] => Array
        (
            [0] => 01.jpg
            [1] => 02.jpg
            [2] => 03.jpg
            [3] => 04.jpg
            [4] => 05.jpg
            [5] => 06.jpg
            [6] => 07.jpg
            [7] => 08.jpg
            [8] => 09.jpg
            [9] => 10.jpg
            [10] => DSCF0064.JPG
            [11] => DSCF0107.JPG
            [12] => DSCF0389.JPG
        )

    [error] => Ошибка тип
)



### 03.03.2020 18:03:17
Array
(
    [images] => Array
        (
            [0] => 01.jpg
            [1] => 02.jpg
            [2] => 03.jpg
            [3] => 04.jpg
            [4] => 05.jpg
            [5] => 06.jpg
            [6] => 07.jpg
            [7] => 08.jpg
            [8] => 09.jpg
            [9] => 10.jpg
            [10] => DSCF0064.JPG
            [11] => DSCF0107.JPG
            [12] => DSCF0389.JPG
        )

    [error] => Ошибка тип
)



### 03.03.2020 18:03:20
Array
(
    [images] => Array
        (
            [0] => 01.jpg
            [1] => 02.jpg
            [2] => 03.jpg
            [3] => 04.jpg
            [4] => 05.jpg
            [5] => 06.jpg
            [6] => 07.jpg
            [7] => 08.jpg
            [8] => 09.jpg
            [9] => 10.jpg
            [10] => DSCF0064.JPG
            [11] => DSCF0107.JPG
            [12] => DSCF0389.JPG
        )

    [error] => Ошибка тип
)



### 03.03.2020 18:03:27
Array
(
    [images] => Array
        (
            [0] => 01.jpg
            [1] => 02.jpg
            [2] => 03.jpg
            [3] => 04.jpg
            [4] => 05.jpg
            [5] => 06.jpg
            [6] => 07.jpg
            [7] => 08.jpg
            [8] => 09.jpg
            [9] => 10.jpg
            [10] => DSCF0064.JPG
            [11] => DSCF0107.JPG
            [12] => DSCF0389.JPG
        )

    [error] => Ошибка тип
)



### 03.03.2020 18:04:13
Array
(
    [images] => Array
        (
            [0] => 01.jpg
            [1] => 02.jpg
            [2] => 03.jpg
            [3] => 04.jpg
            [4] => 05.jpg
            [5] => 06.jpg
            [6] => 07.jpg
            [7] => 08.jpg
            [8] => 09.jpg
            [9] => 10.jpg
            [10] => DSCF0064.JPG
            [11] => DSCF0107.JPG
            [12] => DSCF0389.JPG
        )

    [error] => 
)



### 03.03.2020 18:04:15
Array
(
    [images] => Array
        (
            [0] => 01.jpg
            [1] => 02.jpg
            [2] => 03.jpg
            [3] => 04.jpg
            [4] => 05.jpg
            [5] => 06.jpg
            [6] => 07.jpg
            [7] => 08.jpg
            [8] => 09.jpg
            [9] => 10.jpg
            [10] => DSCF0064.JPG
            [11] => DSCF0107.JPG
            [12] => DSCF0389.JPG
        )

    [error] => 
)



### 03.03.2020 18:04:18
Array
(
    [images] => Array
        (
            [0] => 01.jpg
            [1] => 02.jpg
            [2] => 03.jpg
            [3] => 04.jpg
            [4] => 05.jpg
            [5] => 06.jpg
            [6] => 07.jpg
            [7] => 08.jpg
            [8] => 09.jpg
            [9] => 10.jpg
            [10] => DSCF0064.JPG
            [11] => DSCF0107.JPG
            [12] => DSCF0389.JPG
        )

    [error] => 
)



### 03.03.2020 18:04:22
Array
(
    [images] => Array
        (
            [0] => 01.jpg
            [1] => 02.jpg
            [2] => 03.jpg
            [3] => 04.jpg
            [4] => 05.jpg
            [5] => 06.jpg
            [6] => 07.jpg
            [7] => 08.jpg
            [8] => 09.jpg
            [9] => 10.jpg
            [10] => DSCF0064.JPG
            [11] => DSCF0107.JPG
            [12] => DSCF0389.JPG
        )

    [error] => Ошибка тип
)



### 03.03.2020 18:04:38
Array
(
    [images] => Array
        (
            [0] => 01.jpg
            [1] => 02.jpg
            [2] => 03.jpg
            [3] => 04.jpg
            [4] => 05.jpg
            [5] => 06.jpg
            [6] => 07.jpg
            [7] => 08.jpg
            [8] => 09.jpg
            [9] => 10.jpg
            [10] => DSCF0064.JPG
            [11] => DSCF0107.JPG
            [12] => DSCF0389.JPG
        )

    [error] => Ошибка тип
)



### 03.03.2020 18:04:55
Array
(
    [images] => Array
        (
            [0] => 01.jpg
            [1] => 02.jpg
            [2] => 03.jpg
            [3] => 04.jpg
            [4] => 05.jpg
            [5] => 06.jpg
            [6] => 07.jpg
            [7] => 08.jpg
            [8] => 09.jpg
            [9] => 10.jpg
            [10] => DSCF0064.JPG
            [11] => DSCF0107.JPG
            [12] => DSCF0389.JPG
        )

    [error] => Ошибка тип
)



### 03.03.2020 18:04:57
Array
(
    [images] => Array
        (
            [0] => 01.jpg
            [1] => 02.jpg
            [2] => 03.jpg
            [3] => 04.jpg
            [4] => 05.jpg
            [5] => 06.jpg
            [6] => 07.jpg
            [7] => 08.jpg
            [8] => 09.jpg
            [9] => 10.jpg
            [10] => DSCF0064.JPG
            [11] => DSCF0107.JPG
            [12] => DSCF0389.JPG
        )

    [error] => 
)



### 03.03.2020 18:05:51
Array
(
    [images] => Array
        (
            [0] => 01.jpg
            [1] => 02.jpg
            [2] => 03.jpg
            [3] => 04.jpg
            [4] => 05.jpg
            [5] => 06.jpg
            [6] => 07.jpg
            [7] => 08.jpg
            [8] => 09.jpg
            [9] => 10.jpg
            [10] => DSCF0064.JPG
            [11] => DSCF0107.JPG
            [12] => DSCF0389.JPG
        )

    [error] => Неподходящий тип файла, только .jpg .png .jpeg
)



### 03.03.2020 18:06:27
Array
(
    [images] => Array
        (
            [0] => 01.jpg
            [1] => 02.jpg
            [2] => 03.jpg
            [3] => 04.jpg
            [4] => 05.jpg
            [5] => 06.jpg
            [6] => 07.jpg
            [7] => 08.jpg
            [8] => 09.jpg
            [9] => 10.jpg
            [10] => DSCF0064.JPG
            [11] => DSCF0107.JPG
            [12] => DSCF0389.JPG
        )

    [error] => 
)



### 03.03.2020 18:06:32
Array
(
    [images] => Array
        (
            [0] => 01.jpg
            [1] => 02.jpg
            [2] => 03.jpg
            [3] => 04.jpg
            [4] => 05.jpg
            [5] => 06.jpg
            [6] => 07.jpg
            [7] => 08.jpg
            [8] => 09.jpg
            [9] => 10.jpg
            [10] => DSCF0064.JPG
            [11] => DSCF0107.JPG
            [12] => DSCF0389.JPG
        )

    [error] => 
)



### 03.03.2020 18:06:35
Array
(
    [images] => Array
        (
            [0] => 01.jpg
            [1] => 02.jpg
            [2] => 03.jpg
            [3] => 04.jpg
            [4] => 05.jpg
            [5] => 06.jpg
            [6] => 07.jpg
            [7] => 08.jpg
            [8] => 09.jpg
            [9] => 10.jpg
            [10] => DSCF0064.JPG
            [11] => DSCF0107.JPG
            [12] => DSCF0389.JPG
        )

    [error] => 
)



### 03.03.2020 18:07:09
Array
(
    [images] => Array
        (
            [0] => 01.jpg
            [1] => 02.jpg
            [2] => 03.jpg
            [3] => 04.jpg
            [4] => 05.jpg
            [5] => 06.jpg
            [6] => 07.jpg
            [7] => 08.jpg
            [8] => 09.jpg
            [9] => 10.jpg
            [10] => DSCF0064.JPG
            [11] => DSCF0107.JPG
            [12] => DSCF0389.JPG
        )

    [error] => 
)



### 03.03.2020 18:07:11
Array
(
    [images] => Array
        (
            [0] => 01.jpg
            [1] => 02.jpg
            [2] => 03.jpg
            [3] => 04.jpg
            [4] => 05.jpg
            [5] => 06.jpg
            [6] => 07.jpg
            [7] => 08.jpg
            [8] => 09.jpg
            [9] => 10.jpg
            [10] => DSCF0064.JPG
            [11] => DSCF0107.JPG
            [12] => DSCF0389.JPG
        )

    [error] => 
)



### 03.03.2020 18:07:13
Array
(
    [images] => Array
        (
            [0] => 01.jpg
            [1] => 02.jpg
            [2] => 03.jpg
            [3] => 04.jpg
            [4] => 05.jpg
            [5] => 06.jpg
            [6] => 07.jpg
            [7] => 08.jpg
            [8] => 09.jpg
            [9] => 10.jpg
            [10] => DSCF0064.JPG
            [11] => DSCF0107.JPG
            [12] => DSCF0389.JPG
        )

    [error] => 
)



### 03.03.2020 18:07:16
Array
(
    [images] => Array
        (
            [0] => 01.jpg
            [1] => 02.jpg
            [2] => 03.jpg
            [3] => 04.jpg
            [4] => 05.jpg
            [5] => 06.jpg
            [6] => 07.jpg
            [7] => 08.jpg
            [8] => 09.jpg
            [9] => 10.jpg
            [10] => DSCF0064.JPG
            [11] => DSCF0107.JPG
            [12] => DSCF0389.JPG
        )

    [error] => 
)



### 03.03.2020 18:07:18
Array
(
    [images] => Array
        (
            [0] => 01.jpg
            [1] => 02.jpg
            [2] => 03.jpg
            [3] => 04.jpg
            [4] => 05.jpg
            [5] => 06.jpg
            [6] => 07.jpg
            [7] => 08.jpg
            [8] => 09.jpg
            [9] => 10.jpg
            [10] => DSCF0064.JPG
            [11] => DSCF0107.JPG
            [12] => DSCF0389.JPG
        )

    [error] => 
)



### 03.03.2020 18:07:22
Array
(
    [images] => Array
        (
            [0] => 01.jpg
            [1] => 02.jpg
            [2] => 03.jpg
            [3] => 04.jpg
            [4] => 05.jpg
            [5] => 06.jpg
            [6] => 07.jpg
            [7] => 08.jpg
            [8] => 09.jpg
            [9] => 10.jpg
            [10] => DSCF0064.JPG
            [11] => DSCF0107.JPG
            [12] => DSCF0389.JPG
        )

    [error] => Неподходящий тип файла, только .jpg .png .jpeg
)



### 03.03.2020 18:07:27
Array
(
    [images] => Array
        (
            [0] => 01.jpg
            [1] => 02.jpg
            [2] => 03.jpg
            [3] => 04.jpg
            [4] => 05.jpg
            [5] => 06.jpg
            [6] => 07.jpg
            [7] => 08.jpg
            [8] => 09.jpg
            [9] => 10.jpg
            [10] => DSCF0064.JPG
            [11] => DSCF0107.JPG
            [12] => DSCF0389.JPG
        )

    [error] => Неподходящий тип файла, только .jpg .png .jpeg
)



### 03.03.2020 18:09:17
Array
(
    [error] => Неподходящий тип файла, только .jpg .png .jpeg
    [images] => Array
        (
            [0] => 01.jpg
            [1] => 02.jpg
            [2] => 03.jpg
            [3] => 04.jpg
            [4] => 05.jpg
            [5] => 06.jpg
            [6] => 07.jpg
            [7] => 08.jpg
            [8] => 09.jpg
            [9] => 10.jpg
            [10] => DSCF0064.JPG
            [11] => DSCF0107.JPG
            [12] => DSCF0389.JPG
        )

)



### 03.03.2020 18:09:22
Array
(
    [images] => Array
        (
            [0] => 01.jpg
            [1] => 02.jpg
            [2] => 03.jpg
            [3] => 04.jpg
            [4] => 05.jpg
            [5] => 06.jpg
            [6] => 07.jpg
            [7] => 08.jpg
            [8] => 09.jpg
            [9] => 10.jpg
            [10] => DSCF0064.JPG
            [11] => DSCF0107.JPG
            [12] => DSCF0389.JPG
        )

)



### 03.03.2020 18:09:25
Array
(
    [images] => Array
        (
            [0] => 01.jpg
            [1] => 02.jpg
            [2] => 03.jpg
            [3] => 04.jpg
            [4] => 05.jpg
            [5] => 06.jpg
            [6] => 07.jpg
            [7] => 08.jpg
            [8] => 09.jpg
            [9] => 10.jpg
            [10] => DSCF0064.JPG
            [11] => DSCF0107.JPG
            [12] => DSCF0389.JPG
        )

)



### 03.03.2020 18:09:29
Array
(
    [error] => Неподходящий тип файла, только .jpg .png .jpeg
    [images] => Array
        (
            [0] => 01.jpg
            [1] => 02.jpg
            [2] => 03.jpg
            [3] => 04.jpg
            [4] => 05.jpg
            [5] => 06.jpg
            [6] => 07.jpg
            [7] => 08.jpg
            [8] => 09.jpg
            [9] => 10.jpg
            [10] => DSCF0064.JPG
            [11] => DSCF0107.JPG
            [12] => DSCF0389.JPG
        )

)



### 03.03.2020 18:09:32
Array
(
    [images] => Array
        (
            [0] => 01.jpg
            [1] => 02.jpg
            [2] => 03.jpg
            [3] => 04.jpg
            [4] => 05.jpg
            [5] => 06.jpg
            [6] => 07.jpg
            [7] => 08.jpg
            [8] => 09.jpg
            [9] => 10.jpg
            [10] => DSCF0064.JPG
            [11] => DSCF0107.JPG
            [12] => DSCF0389.JPG
        )

)



### 03.03.2020 18:09:41
Array
(
    [error] => Неподходящий тип файла, только .jpg .png .jpeg
    [images] => Array
        (
            [0] => 01.jpg
            [1] => 02.jpg
            [2] => 03.jpg
            [3] => 04.jpg
            [4] => 05.jpg
            [5] => 06.jpg
            [6] => 07.jpg
            [7] => 08.jpg
            [8] => 09.jpg
            [9] => 10.jpg
            [10] => DSCF0064.JPG
            [11] => DSCF0107.JPG
            [12] => DSCF0389.JPG
        )

)



### 03.03.2020 18:09:44
Array
(
    [error] => Неподходящий тип файла, только .jpg .png .jpeg
    [images] => Array
        (
            [0] => 01.jpg
            [1] => 02.jpg
            [2] => 03.jpg
            [3] => 04.jpg
            [4] => 05.jpg
            [5] => 06.jpg
            [6] => 07.jpg
            [7] => 08.jpg
            [8] => 09.jpg
            [9] => 10.jpg
            [10] => DSCF0064.JPG
            [11] => DSCF0107.JPG
            [12] => DSCF0389.JPG
        )

)



### 03.03.2020 18:11:33
Array
(
    [error] => Неподходящий тип файла, только .jpg .png .jpeg
    [images] => Array
        (
            [0] => 01.jpg
            [1] => 02.jpg
            [2] => 03.jpg
            [3] => 04.jpg
            [4] => 05.jpg
            [5] => 06.jpg
            [6] => 07.jpg
            [7] => 08.jpg
            [8] => 09.jpg
            [9] => 10.jpg
            [10] => DSCF0064.JPG
            [11] => DSCF0107.JPG
            [12] => DSCF0389.JPG
        )

)



### 03.03.2020 18:11:33
Array
(
    [images] => Array
        (
            [0] => 01.jpg
            [1] => 02.jpg
            [2] => 03.jpg
            [3] => 04.jpg
            [4] => 05.jpg
            [5] => 06.jpg
            [6] => 07.jpg
            [7] => 08.jpg
            [8] => 09.jpg
            [9] => 10.jpg
            [10] => DSCF0064.JPG
            [11] => DSCF0107.JPG
            [12] => DSCF0389.JPG
        )

)



### 03.03.2020 18:11:38
Array
(
    [error] => Неподходящий тип файла, только .jpg .png .jpeg
    [images] => Array
        (
            [0] => 01.jpg
            [1] => 02.jpg
            [2] => 03.jpg
            [3] => 04.jpg
            [4] => 05.jpg
            [5] => 06.jpg
            [6] => 07.jpg
            [7] => 08.jpg
            [8] => 09.jpg
            [9] => 10.jpg
            [10] => DSCF0064.JPG
            [11] => DSCF0107.JPG
            [12] => DSCF0389.JPG
        )

)



### 03.03.2020 18:11:38
Array
(
    [images] => Array
        (
            [0] => 01.jpg
            [1] => 02.jpg
            [2] => 03.jpg
            [3] => 04.jpg
            [4] => 05.jpg
            [5] => 06.jpg
            [6] => 07.jpg
            [7] => 08.jpg
            [8] => 09.jpg
            [9] => 10.jpg
            [10] => DSCF0064.JPG
            [11] => DSCF0107.JPG
            [12] => DSCF0389.JPG
        )

)



### 03.03.2020 18:12:22
Array
(
    [images] => Array
        (
            [0] => 01.jpg
            [1] => 02.jpg
            [2] => 03.jpg
            [3] => 04.jpg
            [4] => 05.jpg
            [5] => 06.jpg
            [6] => 07.jpg
            [7] => 08.jpg
            [8] => 09.jpg
            [9] => 10.jpg
            [10] => DSCF0064.JPG
            [11] => DSCF0107.JPG
            [12] => DSCF0389.JPG
        )

)



### 03.03.2020 18:12:24
Array
(
    [images] => Array
        (
            [0] => 01.jpg
            [1] => 02.jpg
            [2] => 03.jpg
            [3] => 04.jpg
            [4] => 05.jpg
            [5] => 06.jpg
            [6] => 07.jpg
            [7] => 08.jpg
            [8] => 09.jpg
            [9] => 10.jpg
            [10] => DSCF0064.JPG
            [11] => DSCF0107.JPG
            [12] => DSCF0389.JPG
        )

)



### 03.03.2020 18:12:25
Array
(
    [images] => Array
        (
            [0] => 01.jpg
            [1] => 02.jpg
            [2] => 03.jpg
            [3] => 04.jpg
            [4] => 05.jpg
            [5] => 06.jpg
            [6] => 07.jpg
            [7] => 08.jpg
            [8] => 09.jpg
            [9] => 10.jpg
            [10] => DSCF0064.JPG
            [11] => DSCF0107.JPG
            [12] => DSCF0389.JPG
        )

)



### 03.03.2020 18:12:43
Array
(
    [name] => Гость
)



### 03.03.2020 18:12:45
Array
(
    [images] => Array
        (
            [0] => 01.jpg
            [1] => 02.jpg
            [2] => 03.jpg
            [3] => 04.jpg
            [4] => 05.jpg
            [5] => 06.jpg
            [6] => 07.jpg
            [7] => 08.jpg
            [8] => 09.jpg
            [9] => 10.jpg
            [10] => DSCF0064.JPG
            [11] => DSCF0107.JPG
            [12] => DSCF0389.JPG
        )

)



### 03.03.2020 18:13:02
Array
(
    [images] => Array
        (
            [0] => 01.jpg
            [1] => 02.jpg
            [2] => 03.jpg
            [3] => 04.jpg
            [4] => 05.jpg
            [5] => 06.jpg
            [6] => 07.jpg
            [7] => 08.jpg
            [8] => 09.jpg
            [9] => 10.jpg
        )

)



